

HI-TECH Software PIC LITE Macro Assembler V9.83 build 10920 
                                                                                               Mon Mar 25 22:38:30 2013

HI-TECH Software Omniscient Code Generator (Lite mode) build 10920
     1  0000                     opt subtitle "HI-TECH Software Omniscient Code Generator (Lite mode) build 10920"
     2                           
     3                           opt pagewidth 120
     4                           
     5                           	opt lm
     6                           
     7                           	processor	12LF1822
     8                           clrc	macro
     9                           	bcf	3,0
    10  0000                     	endm
    11                           clrz	macro
    12                           	bcf	3,2
    13  0000                     	endm
    14                           setc	macro
    15                           	bsf	3,0
    16  0000                     	endm
    17                           setz	macro
    18                           	bsf	3,2
    19  0000                     	endm
    20                           skipc	macro
    21                           	btfss	3,0
    22  0000                     	endm
    23                           skipz	macro
    24                           	btfss	3,2
    25  0000                     	endm
    26                           skipnc	macro
    27                           	btfsc	3,0
    28  0000                     	endm
    29                           skipnz	macro
    30                           	btfsc	3,2
    31  0000                     	endm
    32  0000                     indf	equ	0
    33  0000                     indf0	equ	0
    34  0001                     indf1	equ	1
    35  0002                     pc	equ	2
    36  0002                     pcl	equ	2
    37  0003                     status	equ	3
    38  0004                     fsr0l	equ	4
    39  0005                     fsr0h	equ	5
    40  0006                     fsr1l	equ	6
    41  0007                     fsr1h	equ	7
    42  0008                     bsr	equ	8
    43  0009                     wreg	equ	9
    44  000B                     intcon	equ	11
    45  0001                     c	equ	1
    46  0000                     z	equ	0
    47  000A                     pclath	equ	10
    48                           	FNCALL	_main,_litOctetStart
    49                           	FNCALL	_main,_ecritOctetStart
    50                           	FNROOT	_main
    51                           	FNCALL	_interruptFct,_rebootEnBootloader
    52                           	FNCALL	_rebootEnBootloader,i1_ecritOctetStart
    53                           	FNCALL	intlevel1,_interruptFct
    54                           	global	intlevel1
    55                           	FNROOT	intlevel1
    56                           	global	_cmd_reboot
    57                           psect	idataBANK0,class=CODE,space=0,delta=2
    58                           global __pidataBANK0
    59  0627                     __pidataBANK0:
    60                           	file	"C:\Users\avili_000\Dropbox\rpi yad\carte home automation\pic\appli\main.c"
    61                           	line	19
    62                           
    63                           ;initializer for _cmd_reboot
    64  0627  3459               	retlw	059h
    65  0628  3441               	retlw	041h
    66  0629  3444               	retlw	044h
    67  062A  344F               	retlw	04Fh
    68  062B  344D               	retlw	04Dh
    69  062C  3400               	retlw	0
    70                           	global	_compteur
    71                           	global	_cptReboot
    72                           	global	_voieActive
    73                           	global	_received
    74                           psect	nvCOMMON,class=COMMON,space=1
    75                           global __pnvCOMMON
    76  007A                     __pnvCOMMON:
    77  007A                     _received:
    78  007A                            ds      1
    79                           
    80                           	global	_PORTA
    81  000C                     _PORTA	set	12
    82                           	global	_CARRY
    83  0018                     _CARRY	set	24
    84                           	global	_GIE
    85  005F                     _GIE	set	95
    86                           	global	_IOCIE
    87  005B                     _IOCIE	set	91
    88                           	global	_PEIE
    89  005E                     _PEIE	set	94
    90                           	global	_RA2
    91  0062                     _RA2	set	98
    92                           	global	_RA4
    93  0064                     _RA4	set	100
    94                           	global	_RA5
    95  0065                     _RA5	set	101
    96                           	global	_RCIF
    97  008D                     _RCIF	set	141
    98                           	global	_OPTION_REG
    99  0095                     _OPTION_REG	set	149
   100                           	global	_TRISA
   101  008C                     _TRISA	set	140
   102                           	global	_RCIE
   103  048D                     _RCIE	set	1165
   104                           	global	_TRISA0
   105  0460                     _TRISA0	set	1120
   106                           	global	_TRISA5
   107  0465                     _TRISA5	set	1125
   108                           	global	_LATA0
   109  0860                     _LATA0	set	2144
   110                           	global	_LATA5
   111  0865                     _LATA5	set	2149
   112                           	global	_RXDTSEL
   113  08EF                     _RXDTSEL	set	2287
   114                           	global	_SDOSEL
   115  08EE                     _SDOSEL	set	2286
   116                           	global	_T1GSEL
   117  08EB                     _T1GSEL	set	2283
   118                           	global	_TXCKSEL
   119  08EA                     _TXCKSEL	set	2282
   120                           	global	_EEADR
   121  0191                     _EEADR	set	401
   122                           	global	_EEADRL
   123  0191                     _EEADRL	set	401
   124                           	global	_EECON1
   125  0195                     _EECON1	set	405
   126                           	global	_EECON2
   127  0196                     _EECON2	set	406
   128                           	global	_EEDATA
   129  0193                     _EEDATA	set	403
   130                           	global	_EEDATL
   131  0193                     _EEDATL	set	403
   132                           	global	_RCREG
   133  0199                     _RCREG	set	409
   134                           	global	_SPBRGH
   135  019C                     _SPBRGH	set	412
   136                           	global	_SPBRGL
   137  019B                     _SPBRGL	set	411
   138                           	global	_BRG16
   139  0CFB                     _BRG16	set	3323
   140                           	global	_BRGH
   141  0CF2                     _BRGH	set	3314
   142                           	global	_CFGS
   143  0CAE                     _CFGS	set	3246
   144                           	global	_CREN
   145  0CEC                     _CREN	set	3308
   146                           	global	_EEPGD
   147  0CAF                     _EEPGD	set	3247
   148                           	global	_FERR
   149  0CEA                     _FERR	set	3306
   150                           	global	_OERR
   151  0CE9                     _OERR	set	3305
   152                           	global	_RD
   153  0CA8                     _RD	set	3240
   154                           	global	_SPEN
   155  0CEF                     _SPEN	set	3311
   156                           	global	_TXEN
   157  0CF5                     _TXEN	set	3317
   158                           	global	_WR
   159  0CA9                     _WR	set	3241
   160                           	global	_WREN
   161  0CAA                     _WREN	set	3242
   162                           	global	_WPUA
   163  020C                     _WPUA	set	524
   164                           	global	_SSPEN
   165  10AD                     _SSPEN	set	4269
   166                           	global	_IOCAF
   167  0393                     _IOCAF	set	915
   168                           	global	_IOCAN
   169  0392                     _IOCAN	set	914
   170                           	global	_IOCAP
   171  0391                     _IOCAP	set	913
   172                           	global	_IOCAF2
   173  1C9A                     _IOCAF2	set	7322
   174                           	global	_IOCAF4
   175  1C9C                     _IOCAF4	set	7324
   176                           	file	"C:\Users\AVILI_~1\AppData\Local\Temp\s5to."
   177                           	line	#
   178                           psect cinit,class=CODE,delta=2
   179                           global start_initialization
   180  05E3                     start_initialization:
   181                           
   182                           psect	bssCOMMON,class=COMMON,space=1
   183                           global __pbssCOMMON
   184  0070                     __pbssCOMMON:
   185  0070                     _compteur:
   186  0070                            ds      4
   187                           
   188  0074                     _cptReboot:
   189  0074                            ds      1
   190                           
   191  0075                     _voieActive:
   192  0075                            ds      1
   193                           
   194                           psect	dataBANK0,class=BANK0,space=1
   195                           global __pdataBANK0
   196  0020                     __pdataBANK0:
   197                           	file	"C:\Users\avili_000\Dropbox\rpi yad\carte home automation\pic\appli\main.c"
   198  0020                     _cmd_reboot:
   199  0020                            ds      6
   200                           
   201                           ; Clear objects allocated to COMMON
   202                           psect cinit,class=CODE,delta=2
   203                           	global __pbssCOMMON
   204  05E3  01F0               	clrf	((__pbssCOMMON)+0)&07Fh
   205  05E4  01F1               	clrf	((__pbssCOMMON)+1)&07Fh
   206  05E5  01F2               	clrf	((__pbssCOMMON)+2)&07Fh
   207  05E6  01F3               	clrf	((__pbssCOMMON)+3)&07Fh
   208  05E7  01F4               	clrf	((__pbssCOMMON)+4)&07Fh
   209  05E8  01F5               	clrf	((__pbssCOMMON)+5)&07Fh
   210                           ; Initialize objects allocated to BANK0
   211                           	global __pidataBANK0,__pdataBANK0
   212                           psect cinit,class=CODE,delta=2
   213  05E9  3027               	movlw low(__pidataBANK0)
   214  05EA  0084               	movwf fsr0l
   215  05EB  3086               	movlw high(__pidataBANK0)|80h
   216  05EC  0085               	movwf fsr0h
   217  05ED  0012               	moviw fsr0++
   218  05EE  00A0               	movwf (__pdataBANK0+0)&07Fh
   219  05EF  0012               	moviw fsr0++
   220  05F0  00A1               	movwf (__pdataBANK0+1)&07Fh
   221  05F1  0012               	moviw fsr0++
   222  05F2  00A2               	movwf (__pdataBANK0+2)&07Fh
   223  05F3  0012               	moviw fsr0++
   224  05F4  00A3               	movwf (__pdataBANK0+3)&07Fh
   225  05F5  0012               	moviw fsr0++
   226  05F6  00A4               	movwf (__pdataBANK0+4)&07Fh
   227  05F7  0012               	moviw fsr0++
   228  05F8  00A5               	movwf (__pdataBANK0+5)&07Fh
   229                           psect cinit,class=CODE,delta=2
   230                           global end_of_initialization
   231                           
   232                           ;End of C runtime variable initialization code
   233                           
   234  05F9                     end_of_initialization:
   235  05F9  0020               movlb 0
   236  05FA  2D97               ljmp _main	;jump to C main() function
   237                           psect	cstackCOMMON,class=COMMON,space=1
   238                           global __pcstackCOMMON
   239  0076                     __pcstackCOMMON:
   240                           	global	?_rebootEnBootloader
   241  0076                     ?_rebootEnBootloader:	; 0 bytes @ 0x0
   242                           	global	?_interruptFct
   243  0076                     ?_interruptFct:	; 0 bytes @ 0x0
   244                           	global	?_ecritOctetStart
   245  0076                     ?_ecritOctetStart:	; 0 bytes @ 0x0
   246                           	global	?_main
   247  0076                     ?_main:	; 0 bytes @ 0x0
   248                           	global	?i1_ecritOctetStart
   249  0076                     ?i1_ecritOctetStart:	; 0 bytes @ 0x0
   250                           	global	??i1_ecritOctetStart
   251  0076                     ??i1_ecritOctetStart:	; 0 bytes @ 0x0
   252                           	global	?_litOctetStart
   253  0076                     ?_litOctetStart:	; 1 bytes @ 0x0
   254                           	global	i1ecritOctetStart@valeur
   255  0076                     i1ecritOctetStart@valeur:	; 1 bytes @ 0x0
   256  0076                     	ds	1
   257                           	global	??_rebootEnBootloader
   258  0077                     ??_rebootEnBootloader:	; 0 bytes @ 0x1
   259                           	global	??_interruptFct
   260  0077                     ??_interruptFct:	; 0 bytes @ 0x1
   261  0077                     	ds	2
   262                           	global	??_ecritOctetStart
   263  0079                     ??_ecritOctetStart:	; 0 bytes @ 0x3
   264                           	global	??_litOctetStart
   265  0079                     ??_litOctetStart:	; 0 bytes @ 0x3
   266                           	global	ecritOctetStart@valeur
   267  0079                     ecritOctetStart@valeur:	; 1 bytes @ 0x3
   268  0079                     	ds	1
   269                           psect	cstackBANK0,class=BANK0,space=1
   270                           global __pcstackBANK0
   271  0026                     __pcstackBANK0:
   272                           	global	??_main
   273  0026                     ??_main:	; 0 bytes @ 0x0
   274  0026                     	ds	1
   275                           	global	main@reponse
   276  0027                     main@reponse:	; 1 bytes @ 0x1
   277  0027                     	ds	1
   278 ;;Data sizes: Strings 0, constant 0, data 6, bss 6, persistent 1 stack 0
   279 ;;Auto spaces:   Size  Autos    Used
   280 ;; COMMON          14      4      11
   281 ;; BANK0           80      2       8
   282 ;; BANK1           32      0       0
   283                           
   284 ;;
   285 ;; Pointer list with targets:
   286                           
   287                           
   288                           
   289 ;;
   290 ;; Critical Paths under _main in COMMON
   291 ;;
   292 ;;   _main->_ecritOctetStart
   293 ;;
   294 ;; Critical Paths under _interruptFct in COMMON
   295 ;;
   296 ;;   _rebootEnBootloader->i1_ecritOctetStart
   297 ;;
   298 ;; Critical Paths under _main in BANK0
   299 ;;
   300 ;;   None.
   301 ;;
   302 ;; Critical Paths under _interruptFct in BANK0
   303 ;;
   304 ;;   None.
   305 ;;
   306 ;; Critical Paths under _main in BANK1
   307 ;;
   308 ;;   None.
   309 ;;
   310 ;; Critical Paths under _interruptFct in BANK1
   311 ;;
   312 ;;   None.
   313                           
   314 ;;
   315 ;;Main: autosize = 0, tempsize = 1, incstack = 0, save=0
   316 ;;
   317                           
   318 ;;
   319 ;;Call Graph Tables:
   320 ;;
   321 ;; ---------------------------------------------------------------------------------
   322 ;; (Depth) Function   	        Calls       Base Space   Used Autos Params    Refs
   323 ;; ---------------------------------------------------------------------------------
   324 ;; (0) _main                                                 7     7      0      23
   325 ;;                                              0 BANK0      2     2      0
   326 ;;                      _litOctetStart
   327 ;;                    _ecritOctetStart
   328 ;; ---------------------------------------------------------------------------------
   329 ;; (1) _litOctetStart                                        0     0      0       0
   330 ;; ---------------------------------------------------------------------------------
   331 ;; (1) _ecritOctetStart                                      1     1      0      22
   332 ;;                                              3 COMMON     1     1      0
   333 ;; ---------------------------------------------------------------------------------
   334 ;; Estimated maximum stack depth 1
   335 ;; ---------------------------------------------------------------------------------
   336 ;; (Depth) Function   	        Calls       Base Space   Used Autos Params    Refs
   337 ;; ---------------------------------------------------------------------------------
   338 ;; (2) _interruptFct                                         2     2      0      73
   339 ;;                                              1 COMMON     2     2      0
   340 ;;                 _rebootEnBootloader
   341 ;; ---------------------------------------------------------------------------------
   342 ;; (3) _rebootEnBootloader                                   0     0      0      73
   343 ;;                  i1_ecritOctetStart
   344 ;; ---------------------------------------------------------------------------------
   345 ;; (4) i1_ecritOctetStart                                    1     1      0      73
   346 ;;                                              0 COMMON     1     1      0
   347 ;; ---------------------------------------------------------------------------------
   348 ;; Estimated maximum stack depth 4
   349 ;; ---------------------------------------------------------------------------------
   350                           
   351 ;; Call Graph Graphs:
   352                           
   353 ;; _main (ROOT)
   354 ;;   _litOctetStart
   355 ;;   _ecritOctetStart
   356 ;;
   357 ;; _interruptFct (ROOT)
   358 ;;   _rebootEnBootloader
   359 ;;     i1_ecritOctetStart
   360 ;;
   361                           
   362 ;; Address spaces:
   363                           
   364 ;;Name               Size   Autos  Total    Cost      Usage
   365 ;;BIGRAM              70      0       0       0        0.0%
   366 ;;EEDATA             100      0       0       0        0.0%
   367 ;;NULL                 0      0       0       0        0.0%
   368 ;;CODE                 0      0       0       0        0.0%
   369 ;;BITCOMMON            E      0       0       1        0.0%
   370 ;;BITSFR0              0      0       0       1        0.0%
   371 ;;SFR0                 0      0       0       1        0.0%
   372 ;;COMMON               E      4       B       2       78.6%
   373 ;;BITSFR1              0      0       0       2        0.0%
   374 ;;SFR1                 0      0       0       2        0.0%
   375 ;;BITSFR2              0      0       0       3        0.0%
   376 ;;SFR2                 0      0       0       3        0.0%
   377 ;;STACK                0      0       7       3        0.0%
   378 ;;BITSFR3              0      0       0       4        0.0%
   379 ;;SFR3                 0      0       0       4        0.0%
   380 ;;ABS                  0      0      13       4        0.0%
   381 ;;BITBANK0            50      0       0       5        0.0%
   382 ;;BITSFR4              0      0       0       5        0.0%
   383 ;;SFR4                 0      0       0       5        0.0%
   384 ;;BANK0               50      2       8       6       10.0%
   385 ;;BITSFR5              0      0       0       6        0.0%
   386 ;;SFR5                 0      0       0       6        0.0%
   387 ;;BITBANK1            20      0       0       7        0.0%
   388 ;;BITSFR6              0      0       0       7        0.0%
   389 ;;SFR6                 0      0       0       7        0.0%
   390 ;;BANK1               20      0       0       8        0.0%
   391 ;;BITSFR7              0      0       0       8        0.0%
   392 ;;SFR7                 0      0       0       8        0.0%
   393 ;;BITSFR8              0      0       0       9        0.0%
   394 ;;SFR8                 0      0       0       9        0.0%
   395 ;;DATA                 0      0      1A       9        0.0%
   396 ;;BITSFR9              0      0       0      10        0.0%
   397 ;;SFR9                 0      0       0      10        0.0%
   398 ;;BITSFR10             0      0       0      11        0.0%
   399 ;;SFR10                0      0       0      11        0.0%
   400 ;;BITSFR11             0      0       0      12        0.0%
   401 ;;SFR11                0      0       0      12        0.0%
   402 ;;BITSFR12             0      0       0      13        0.0%
   403 ;;SFR12                0      0       0      13        0.0%
   404 ;;BITSFR13             0      0       0      14        0.0%
   405 ;;SFR13                0      0       0      14        0.0%
   406 ;;BITSFR14             0      0       0      15        0.0%
   407 ;;SFR14                0      0       0      15        0.0%
   408 ;;BITSFR15             0      0       0      16        0.0%
   409 ;;SFR15                0      0       0      16        0.0%
   410 ;;BITSFR16             0      0       0      17        0.0%
   411 ;;SFR16                0      0       0      17        0.0%
   412 ;;BITSFR17             0      0       0      18        0.0%
   413 ;;SFR17                0      0       0      18        0.0%
   414 ;;BITSFR18             0      0       0      19        0.0%
   415 ;;SFR18                0      0       0      19        0.0%
   416 ;;BITSFR19             0      0       0      20        0.0%
   417 ;;SFR19                0      0       0      20        0.0%
   418 ;;BITSFR20             0      0       0      21        0.0%
   419 ;;SFR20                0      0       0      21        0.0%
   420 ;;BITSFR21             0      0       0      22        0.0%
   421 ;;SFR21                0      0       0      22        0.0%
   422 ;;BITSFR22             0      0       0      23        0.0%
   423 ;;SFR22                0      0       0      23        0.0%
   424 ;;BITSFR23             0      0       0      24        0.0%
   425 ;;SFR23                0      0       0      24        0.0%
   426 ;;BITSFR24             0      0       0      25        0.0%
   427 ;;SFR24                0      0       0      25        0.0%
   428 ;;BITSFR25             0      0       0      26        0.0%
   429 ;;SFR25                0      0       0      26        0.0%
   430 ;;BITSFR26             0      0       0      27        0.0%
   431 ;;SFR26                0      0       0      27        0.0%
   432 ;;BITSFR27             0      0       0      28        0.0%
   433 ;;SFR27                0      0       0      28        0.0%
   434 ;;BITSFR28             0      0       0      29        0.0%
   435 ;;SFR28                0      0       0      29        0.0%
   436 ;;BITSFR29             0      0       0      30        0.0%
   437 ;;SFR29                0      0       0      30        0.0%
   438 ;;BITSFR30             0      0       0      31        0.0%
   439 ;;SFR30                0      0       0      31        0.0%
   440 ;;BITSFR31             0      0       0      32        0.0%
   441 ;;SFR31                0      0       0      32        0.0%
   442                           
   443                           	global	_main
   444                           psect	maintext,global,class=CODE,delta=2
   445                           global __pmaintext
   446  0597                     __pmaintext:
   447                           
   448 ;; *************** function _main *****************
   449 ;; Defined at:
   450 ;;		line 111 in file "C:\Users\avili_000\Dropbox\rpi yad\carte home automation\pic\appli\main.c"
   451 ;; Parameters:    Size  Location     Type
   452 ;;		None
   453 ;; Auto vars:     Size  Location     Type
   454 ;;  i               4    0        unsigned long 
   455 ;;  reponse         1    1[BANK0 ] unsigned char 
   456 ;;  commande        1    0        unsigned char 
   457 ;; Return value:  Size  Location     Type
   458 ;;		None               void
   459 ;; Registers used:
   460 ;;		wreg, status,2, status,0, pclath, cstack
   461 ;; Tracked objects:
   462 ;;		On entry : 17F/0
   463 ;;		On exit  : 0/0
   464 ;;		Unchanged: 0/0
   465 ;; Data sizes:     COMMON   BANK0   BANK1
   466 ;;      Params:         0       0       0
   467 ;;      Locals:         0       1       0
   468 ;;      Temps:          0       1       0
   469 ;;      Totals:         0       2       0
   470 ;;Total ram usage:        2 bytes
   471 ;; Hardware stack levels required when called:    4
   472 ;; This function calls:
   473 ;;		_litOctetStart
   474 ;;		_ecritOctetStart
   475 ;; This function is called by:
   476 ;;		Startup code after reset
   477 ;; This function uses a non-reentrant model
   478 ;;
   479                           psect	maintext
   480                           	file	"C:\Users\avili_000\Dropbox\rpi yad\carte home automation\pic\appli\main.c"
   481                           	line	111
   482                           	global	__size_of_main
   483  004C                     	__size_of_main	equ	__end_of_main-_main
   484                           	
   485  0597                     _main:	
   486                           	opt	stack 12
   487                           ; Regs used in _main: [wreg+status,2+status,0+pclath+cstack]
   488                           	line	114
   489                           	
   490  0597                     l3773:	
   491                           ;main.c: 112: unsigned long i;
   492                           ;main.c: 113: unsigned char commande;
   493                           ;main.c: 114: unsigned char reponse = 'a';
   494  0597  3061               	movlw	(061h)
   495  0598  0020               	movlb 0	; select bank0
   496  0599  00A6               	movwf	(??_main+0)+0
   497  059A  0826               	movf	(??_main+0)+0,w
   498  059B  00A7               	movwf	(main@reponse)
   499                           	line	116
   500                           	
   501  059C                     l3775:	
   502                           ;main.c: 116: cptReboot = 0;
   503  059C  01F4               	clrf	(_cptReboot)
   504                           	line	120
   505                           	
   506  059D                     l3777:	
   507                           ;main.c: 120: SSPEN = 0;
   508  059D  0024               	movlb 4	; select bank4
   509  059E  1295               	bcf	(4269/8)^0200h,(4269)&7
   510                           	line	121
   511                           	
   512  059F                     l3779:	
   513                           ;main.c: 121: CREN = 0;
   514  059F  0023               	movlb 3	; select bank3
   515  05A0  121D               	bcf	(3308/8)^0180h,(3308)&7
   516                           	line	122
   517                           	
   518  05A1                     l3781:	
   519                           ;main.c: 122: TXEN = 0;
   520  05A1  129E               	bcf	(3317/8)^0180h,(3317)&7
   521                           	line	123
   522                           	
   523  05A2                     l3783:	
   524                           ;main.c: 123: BRGH = 0;
   525  05A2  111E               	bcf	(3314/8)^0180h,(3314)&7
   526                           	line	124
   527                           	
   528  05A3                     l3785:	
   529                           ;main.c: 124: BRG16 = 1;
   530  05A3  159F               	bsf	(3323/8)^0180h,(3323)&7
   531                           	line	125
   532                           ;main.c: 125: SPBRGL = 1666 & 0xFF;
   533  05A4  3082               	movlw	(082h)
   534  05A5  009B               	movwf	(411)^0180h	;volatile
   535                           	line	126
   536                           ;main.c: 126: SPBRGH = 1666 >> 8;
   537  05A6  3006               	movlw	(06h)
   538  05A7  009C               	movwf	(412)^0180h	;volatile
   539                           	line	127
   540                           	
   541  05A8                     l3787:	
   542                           ;main.c: 127: SPEN = 1;
   543  05A8  179D               	bsf	(3311/8)^0180h,(3311)&7
   544                           	line	128
   545                           	
   546  05A9                     l3789:	
   547                           ;main.c: 128: CREN = 1;
   548  05A9  161D               	bsf	(3308/8)^0180h,(3308)&7
   549                           	line	129
   550                           	
   551  05AA                     l3791:	
   552                           ;main.c: 129: TXEN = 0;
   553  05AA  129E               	bcf	(3317/8)^0180h,(3317)&7
   554                           	line	131
   555                           	
   556  05AB                     l3793:	
   557                           ;main.c: 131: TXCKSEL = 0;
   558  05AB  0022               	movlb 2	; select bank2
   559  05AC  111D               	bcf	(2282/8)^0100h,(2282)&7
   560                           	line	132
   561                           	
   562  05AD                     l3795:	
   563                           ;main.c: 132: RXDTSEL = 0;
   564  05AD  139D               	bcf	(2287/8)^0100h,(2287)&7
   565                           	line	133
   566                           	
   567  05AE                     l3797:	
   568                           ;main.c: 133: T1GSEL = 1;
   569  05AE  159D               	bsf	(2283/8)^0100h,(2283)&7
   570                           	line	134
   571                           	
   572  05AF                     l3799:	
   573                           ;main.c: 134: SDOSEL = 0;
   574  05AF  131D               	bcf	(2286/8)^0100h,(2286)&7
   575                           	line	135
   576                           	
   577  05B0                     l3801:	
   578                           ;main.c: 135: TRISA0 = 0;
   579  05B0  0021               	movlb 1	; select bank1
   580  05B1  100C               	bcf	(1120/8)^080h,(1120)&7
   581                           	line	136
   582                           	
   583  05B2                     l3803:	
   584                           ;main.c: 136: TRISA5 = 0;
   585  05B2  128C               	bcf	(1125/8)^080h,(1125)&7
   586                           	line	139
   587                           	
   588  05B3                     l3805:	
   589                           ;main.c: 139: TRISA |= (1 << 2);
   590  05B3  150C               	bsf	(140)^080h+(2/8),(2)&7	;volatile
   591                           	line	140
   592                           	
   593  05B4                     l3807:	
   594                           ;main.c: 140: WPUA |= (1 << 2);
   595  05B4  0024               	movlb 4	; select bank4
   596  05B5  150C               	bsf	(524)^0200h+(2/8),(2)&7	;volatile
   597                           	line	142
   598                           	
   599  05B6                     l3809:	
   600                           ;main.c: 142: TRISA |= (1 << 4);
   601  05B6  0021               	movlb 1	; select bank1
   602  05B7  160C               	bsf	(140)^080h+(4/8),(4)&7	;volatile
   603                           	line	143
   604                           	
   605  05B8                     l3811:	
   606                           ;main.c: 143: WPUA |= (1 << 4);
   607  05B8  0024               	movlb 4	; select bank4
   608  05B9  160C               	bsf	(524)^0200h+(4/8),(4)&7	;volatile
   609                           	line	144
   610                           	
   611  05BA                     l3813:	
   612                           ;main.c: 144: OPTION_REG &= 0x7F;
   613  05BA  307F               	movlw	(07Fh)
   614  05BB  0020               	movlb 0	; select bank0
   615  05BC  00A6               	movwf	(??_main+0)+0
   616  05BD  0826               	movf	(??_main+0)+0,w
   617  05BE  0021               	movlb 1	; select bank1
   618  05BF  0595               	andwf	(149)^080h,f	;volatile
   619                           	line	147
   620                           	
   621  05C0                     l3815:	
   622                           ;main.c: 147: IOCAN = 0;
   623  05C0  0027               	movlb 7	; select bank7
   624  05C1  0192               	clrf	(914)^0380h	;volatile
   625                           	line	148
   626                           	
   627  05C2                     l3817:	
   628                           ;main.c: 148: IOCAP = 0;
   629  05C2  0191               	clrf	(913)^0380h	;volatile
   630                           	line	149
   631                           	
   632  05C3                     l3819:	
   633                           ;main.c: 149: IOCAN |= 1 << 2;
   634  05C3  1512               	bsf	(914)^0380h+(2/8),(2)&7	;volatile
   635                           	line	150
   636                           	
   637  05C4                     l3821:	
   638                           ;main.c: 150: IOCAP |= 1 << 2;
   639  05C4  1511               	bsf	(913)^0380h+(2/8),(2)&7	;volatile
   640                           	line	151
   641                           	
   642  05C5                     l3823:	
   643                           ;main.c: 151: IOCAN |= 1 << 4;
   644  05C5  1612               	bsf	(914)^0380h+(4/8),(4)&7	;volatile
   645                           	line	152
   646                           	
   647  05C6                     l3825:	
   648                           ;main.c: 152: IOCAP |= 1 << 4;
   649  05C6  1611               	bsf	(913)^0380h+(4/8),(4)&7	;volatile
   650                           	line	153
   651                           	
   652  05C7                     l3827:	
   653                           ;main.c: 153: IOCIE = 1;
   654  05C7  158B               	bsf	(91/8),(91)&7
   655                           	line	155
   656                           	
   657  05C8                     l3829:	
   658                           ;main.c: 155: received = PORTA;
   659  05C8  0020               	movlb 0	; select bank0
   660  05C9  080C               	movf	(12),w	;volatile
   661  05CA  00A6               	movwf	(??_main+0)+0
   662  05CB  0826               	movf	(??_main+0)+0,w
   663  05CC  00FA               	movwf	(_received)
   664                           	line	156
   665                           	
   666  05CD                     l3831:	
   667                           ;main.c: 156: IOCAF = 0;
   668  05CD  0027               	movlb 7	; select bank7
   669  05CE  0193               	clrf	(915)^0380h	;volatile
   670                           	line	158
   671                           	
   672  05CF                     l3833:	
   673                           ;main.c: 158: RCIE = 1;
   674  05CF  0021               	movlb 1	; select bank1
   675  05D0  1691               	bsf	(1165/8)^080h,(1165)&7
   676                           	line	159
   677                           	
   678  05D1                     l3835:	
   679                           ;main.c: 159: PEIE = 1;
   680  05D1  170B               	bsf	(94/8),(94)&7
   681                           	line	160
   682                           	
   683  05D2                     l3837:	
   684                           ;main.c: 160: GIE = 1;
   685  05D2  178B               	bsf	(95/8),(95)&7
   686                           	line	163
   687                           	
   688  05D3                     l3839:	
   689                           ;main.c: 163: if (litOctetStart() != 'D') {
   690  05D3  3186  2617  3185   	fcall	_litOctetStart
   691  05D6  3A44               	xorlw	044h&0ffh
   692  05D7  1903               	skipnz
   693  05D8  2DDA               	goto	u2481
   694  05D9  2DDB               	goto	u2480
   695  05DA                     u2481:
   696  05DA  2DE1               	goto	l1186
   697  05DB                     u2480:
   698                           	line	164
   699                           	
   700  05DB                     l3841:	
   701                           ;main.c: 164: ecritOctetStart('D');
   702  05DB  3044               	movlw	(044h)
   703  05DC  3185  25FB  3185   	fcall	_ecritOctetStart
   704  05DF  2DE1               	goto	l1186
   705                           	line	165
   706                           	
   707  05E0                     l1184:	
   708  05E0  2DE1               	goto	l1186
   709                           	line	167
   710                           ;main.c: 165: }
   711                           ;main.c: 167: while(1) {
   712                           	
   713  05E1                     l1185:	
   714                           	line	168
   715                           	
   716  05E1                     l1186:	
   717                           	line	167
   718  05E1  2DE1               	goto	l1186
   719                           	
   720  05E2                     l1187:	
   721                           	line	169
   722                           	
   723  05E2                     l1188:	
   724                           	global	start
   725  05E2  2D95               	ljmp	start
   726                           	opt stack 0
   727                           GLOBAL	__end_of_main
   728  05E3                     	__end_of_main:
   729 ;; =============== function _main ends ============
   730                           
   731                           	signat	_main,88
   732                           	global	_litOctetStart
   733                           psect	text242,local,class=CODE,delta=2
   734                           global __ptext242
   735  0617                     __ptext242:
   736                           
   737 ;; *************** function _litOctetStart *****************
   738 ;; Defined at:
   739 ;;		line 92 in file "C:\Users\avili_000\Dropbox\rpi yad\carte home automation\pic\appli\main.c"
   740 ;; Parameters:    Size  Location     Type
   741 ;;		None
   742 ;; Auto vars:     Size  Location     Type
   743 ;;		None
   744 ;; Return value:  Size  Location     Type
   745 ;;                  1    wreg      unsigned char 
   746 ;; Registers used:
   747 ;;		wreg, status,2
   748 ;; Tracked objects:
   749 ;;		On entry : 0/0
   750 ;;		On exit  : 0/0
   751 ;;		Unchanged: 0/0
   752 ;; Data sizes:     COMMON   BANK0   BANK1
   753 ;;      Params:         0       0       0
   754 ;;      Locals:         0       0       0
   755 ;;      Temps:          0       0       0
   756 ;;      Totals:         0       0       0
   757 ;;Total ram usage:        0 bytes
   758 ;; Hardware stack levels used:    1
   759 ;; Hardware stack levels required when called:    3
   760 ;; This function calls:
   761 ;;		Nothing
   762 ;; This function is called by:
   763 ;;		_main
   764 ;; This function uses a non-reentrant model
   765 ;;
   766                           psect	text242
   767                           	file	"C:\Users\avili_000\Dropbox\rpi yad\carte home automation\pic\appli\main.c"
   768                           	line	92
   769                           	global	__size_of_litOctetStart
   770  0008                     	__size_of_litOctetStart	equ	__end_of_litOctetStart-_litOctetStart
   771                           	
   772  0617                     _litOctetStart:	
   773                           	opt	stack 12
   774                           ; Regs used in _litOctetStart: [wreg+status,2]
   775                           	line	93
   776                           	
   777  0617                     l3761:	
   778                           ;main.c: 93: EEADRL = 0;
   779  0617  0023               	movlb 3	; select bank3
   780  0618  0191               	clrf	(401)^0180h	;volatile
   781                           	line	94
   782                           	
   783  0619                     l3763:	
   784                           ;main.c: 94: EEPGD = 0;
   785  0619  1395               	bcf	(3247/8)^0180h,(3247)&7
   786                           	line	95
   787                           	
   788  061A                     l3765:	
   789                           ;main.c: 95: CFGS = 0;
   790  061A  1315               	bcf	(3246/8)^0180h,(3246)&7
   791                           	line	96
   792                           	
   793  061B                     l3767:	
   794                           ;main.c: 96: RD = 1;
   795  061B  1415               	bsf	(3240/8)^0180h,(3240)&7
   796                           	line	97
   797                           	
   798  061C                     l3769:	
   799                           ;main.c: 97: return EEDATL;
   800  061C  0813               	movf	(403)^0180h,w	;volatile
   801  061D  2E1E               	goto	l1178
   802                           	
   803  061E                     l3771:	
   804                           	line	98
   805                           	
   806  061E                     l1178:	
   807  061E  0008               	return
   808                           	opt stack 0
   809                           GLOBAL	__end_of_litOctetStart
   810  061F                     	__end_of_litOctetStart:
   811 ;; =============== function _litOctetStart ends ============
   812                           
   813                           	signat	_litOctetStart,89
   814                           	global	_ecritOctetStart
   815                           psect	text243,local,class=CODE,delta=2
   816                           global __ptext243
   817  05FB                     __ptext243:
   818                           
   819 ;; *************** function _ecritOctetStart *****************
   820 ;; Defined at:
   821 ;;		line 77 in file "C:\Users\avili_000\Dropbox\rpi yad\carte home automation\pic\appli\main.c"
   822 ;; Parameters:    Size  Location     Type
   823 ;;  valeur          1    wreg     unsigned char 
   824 ;; Auto vars:     Size  Location     Type
   825 ;;  valeur          1    3[COMMON] unsigned char 
   826 ;; Return value:  Size  Location     Type
   827 ;;		None               void
   828 ;; Registers used:
   829 ;;		wreg, status,2
   830 ;; Tracked objects:
   831 ;;		On entry : 0/0
   832 ;;		On exit  : 0/0
   833 ;;		Unchanged: 0/0
   834 ;; Data sizes:     COMMON   BANK0   BANK1
   835 ;;      Params:         0       0       0
   836 ;;      Locals:         1       0       0
   837 ;;      Temps:          0       0       0
   838 ;;      Totals:         1       0       0
   839 ;;Total ram usage:        1 bytes
   840 ;; Hardware stack levels used:    1
   841 ;; Hardware stack levels required when called:    3
   842 ;; This function calls:
   843 ;;		Nothing
   844 ;; This function is called by:
   845 ;;		_main
   846 ;; This function uses a non-reentrant model
   847 ;;
   848                           psect	text243
   849                           	file	"C:\Users\avili_000\Dropbox\rpi yad\carte home automation\pic\appli\main.c"
   850                           	line	77
   851                           	global	__size_of_ecritOctetStart
   852  000E                     	__size_of_ecritOctetStart	equ	__end_of_ecritOctetStart-_ecritOctetStart
   853                           	
   854  05FB                     _ecritOctetStart:	
   855                           	opt	stack 12
   856                           ; Regs used in _ecritOctetStart: [wreg+status,2]
   857                           ;ecritOctetStart@valeur stored from wreg
   858  05FB  00F9               	movwf	(ecritOctetStart@valeur)
   859                           	line	78
   860                           	
   861  05FC                     l3745:	
   862                           ;main.c: 78: EEADRL = 0;
   863  05FC  0023               	movlb 3	; select bank3
   864  05FD  0191               	clrf	(401)^0180h	;volatile
   865                           	line	79
   866                           	
   867  05FE                     l3747:	
   868                           ;main.c: 79: EEDATL = valeur;
   869  05FE  0879               	movf	(ecritOctetStart@valeur),w
   870  05FF  0093               	movwf	(403)^0180h	;volatile
   871                           	line	81
   872                           	
   873  0600                     l3749:	
   874                           ;main.c: 81: WREN = 1;
   875  0600  1515               	bsf	(3242/8)^0180h,(3242)&7
   876                           	line	83
   877                           	
   878  0601                     l3751:	
   879                           ;main.c: 83: EECON2=0x55;
   880  0601  3055               	movlw	(055h)
   881  0602  0096               	movwf	(406)^0180h	;volatile
   882                           	line	84
   883                           	
   884  0603                     l3753:	
   885                           ;main.c: 84: EECON2=0xAA;
   886  0603  30AA               	movlw	(0AAh)
   887  0604  0096               	movwf	(406)^0180h	;volatile
   888                           	line	85
   889                           	
   890  0605                     l3755:	
   891                           ;main.c: 85: WR = 1;
   892  0605  1495               	bsf	(3241/8)^0180h,(3241)&7
   893                           	line	87
   894                           	
   895  0606                     l3757:	
   896                           # 87 "C:\Users\avili_000\Dropbox\rpi yad\carte home automation\pic\appli\main.c"
   897  0606  0000                 nop ;#
   898                           psect	text243
   899                           	line	88
   900                           	
   901  0607                     l3759:	
   902                           # 88 "C:\Users\avili_000\Dropbox\rpi yad\carte home automation\pic\appli\main.c"
   903  0607  0000                 nop ;#
   904                           psect	text243
   905                           	line	90
   906                           	
   907  0608                     l1175:	
   908  0608  0008               	return
   909                           	opt stack 0
   910                           GLOBAL	__end_of_ecritOctetStart
   911  0609                     	__end_of_ecritOctetStart:
   912 ;; =============== function _ecritOctetStart ends ============
   913                           
   914                           	signat	_ecritOctetStart,4216
   915                           	global	_interruptFct
   916                           psect	intentry,class=CODE,delta=2
   917                           global __pintentry
   918  0504                     __pintentry:
   919                           
   920 ;; *************** function _interruptFct *****************
   921 ;; Defined at:
   922 ;;		line 21 in file "C:\Users\avili_000\Dropbox\rpi yad\carte home automation\pic\appli\main.c"
   923 ;; Parameters:    Size  Location     Type
   924 ;;		None
   925 ;; Auto vars:     Size  Location     Type
   926 ;;		None
   927 ;; Return value:  Size  Location     Type
   928 ;;		None               void
   929 ;; Registers used:
   930 ;;		wreg, fsr1l, fsr1h, status,2, status,0, pclath, cstack
   931 ;; Tracked objects:
   932 ;;		On entry : 0/0
   933 ;;		On exit  : 0/0
   934 ;;		Unchanged: 0/0
   935 ;; Data sizes:     COMMON   BANK0   BANK1
   936 ;;      Params:         0       0       0
   937 ;;      Locals:         0       0       0
   938 ;;      Temps:          2       0       0
   939 ;;      Totals:         2       0       0
   940 ;;Total ram usage:        2 bytes
   941 ;; Hardware stack levels used:    1
   942 ;; Hardware stack levels required when called:    2
   943 ;; This function calls:
   944 ;;		_rebootEnBootloader
   945 ;; This function is called by:
   946 ;;		Interrupt level 1
   947 ;; This function uses a non-reentrant model
   948 ;;
   949                           psect	intentry
   950                           	file	"C:\Users\avili_000\Dropbox\rpi yad\carte home automation\pic\appli\main.c"
   951                           	line	21
   952                           	global	__size_of_interruptFct
   953  0091                     	__size_of_interruptFct	equ	__end_of_interruptFct-_interruptFct
   954                           	
   955  0504                     _interruptFct:	
   956                           	opt	stack 12
   957                           ; Regs used in _interruptFct: [wreg+fsr1l-status,0+pclath+cstack]
   958                           psect	intentry
   959  0504  3185               	pagesel	$
   960  0505  0020               	movlb 0	; select bank0
   961  0506  087F               	movf	btemp+1,w
   962  0507  00F8               	movwf	(??_interruptFct+1)
   963                           	line	23
   964                           	
   965  0508                     i1l3683:	
   966                           ;main.c: 23: LATA5 = ~RA5;
   967  0508  1E8C               	btfss	(101/8),(101)&7
   968  0509  2D0B               	goto	u232_21
   969  050A  2D0E               	goto	u232_20
   970                           	
   971  050B                     u232_21:
   972  050B  0022               	movlb 2	; select bank2
   973  050C  168C               	bsf	(2149/8)^0100h,(2149)&7
   974  050D  2D10               	goto	u233_24
   975  050E                     u232_20:
   976  050E  0022               	movlb 2	; select bank2
   977  050F  128C               	bcf	(2149/8)^0100h,(2149)&7
   978  0510                     u233_24:
   979                           	line	24
   980                           ;main.c: 24: if (RCIF) {
   981  0510  0020               	movlb 0	; select bank0
   982  0511  1E91               	btfss	(141/8),(141)&7
   983  0512  2D14               	goto	u234_21
   984  0513  2D15               	goto	u234_20
   985  0514                     u234_21:
   986  0514  2D5A               	goto	i1l1155
   987  0515                     u234_20:
   988                           	line	25
   989                           	
   990  0515                     i1l3685:	
   991                           ;main.c: 25: if ((!OERR) && (!FERR)) {
   992  0515  0023               	movlb 3	; select bank3
   993  0516  189D               	btfsc	(3305/8)^0180h,(3305)&7
   994  0517  2D19               	goto	u235_21
   995  0518  2D1A               	goto	u235_20
   996  0519                     u235_21:
   997  0519  2D5A               	goto	i1l1155
   998  051A                     u235_20:
   999                           	
  1000  051A                     i1l3687:	
  1001  051A  191D               	btfsc	(3306/8)^0180h,(3306)&7
  1002  051B  2D1D               	goto	u236_21
  1003  051C  2D1E               	goto	u236_20
  1004  051D                     u236_21:
  1005  051D  2D5A               	goto	i1l1155
  1006  051E                     u236_20:
  1007                           	line	26
  1008                           	
  1009  051E                     i1l3689:	
  1010                           ;main.c: 26: received = RCREG & 0x7F;
  1011  051E  0819               	movf	(409)^0180h,w
  1012  051F  397F               	andlw	07Fh
  1013  0520  00F7               	movwf	(??_interruptFct+0)+0
  1014  0521  0877               	movf	(??_interruptFct+0)+0,w
  1015  0522  00FA               	movwf	(_received)
  1016                           	line	27
  1017                           	
  1018  0523                     i1l3691:	
  1019                           ;main.c: 27: if (received == 0x61) {
  1020  0523  087A               	movf	(_received),w
  1021  0524  3A61               	xorlw	061h&0ffh
  1022  0525  1D03               	skipz
  1023  0526  2D28               	goto	u237_21
  1024  0527  2D29               	goto	u237_20
  1025  0528                     u237_21:
  1026  0528  2D2B               	goto	i1l3695
  1027  0529                     u237_20:
  1028                           	line	28
  1029                           	
  1030  0529                     i1l3693:	
  1031                           ;main.c: 28: voieActive = 0;
  1032  0529  01F5               	clrf	(_voieActive)
  1033  052A  2D2B               	goto	i1l3695
  1034                           	line	29
  1035                           	
  1036  052B                     i1l1157:	
  1037                           	line	30
  1038                           	
  1039  052B                     i1l3695:	
  1040                           ;main.c: 29: }
  1041                           ;main.c: 30: if (received == 0x62) {
  1042  052B  087A               	movf	(_received),w
  1043  052C  3A62               	xorlw	062h&0ffh
  1044  052D  1D03               	skipz
  1045  052E  2D30               	goto	u238_21
  1046  052F  2D31               	goto	u238_20
  1047  0530                     u238_21:
  1048  0530  2D35               	goto	i1l3699
  1049  0531                     u238_20:
  1050                           	line	31
  1051                           	
  1052  0531                     i1l3697:	
  1053                           ;main.c: 31: voieActive = 1;
  1054  0531  01F5               	clrf	(_voieActive)
  1055  0532  1403               	bsf	status,0
  1056  0533  0DF5               	rlf	(_voieActive),f
  1057  0534  2D35               	goto	i1l3699
  1058                           	line	32
  1059                           	
  1060  0535                     i1l1158:	
  1061                           	line	35
  1062                           	
  1063  0535                     i1l3699:	
  1064                           ;main.c: 32: }
  1065                           ;main.c: 35: if (cptReboot < 5) {
  1066  0535  3005               	movlw	(05h)
  1067  0536  0274               	subwf	(_cptReboot),w
  1068  0537  1803               	skipnc
  1069  0538  2D3A               	goto	u239_21
  1070  0539  2D3B               	goto	u239_20
  1071  053A                     u239_21:
  1072  053A  2D57               	goto	i1l1159
  1073  053B                     u239_20:
  1074                           	line	36
  1075                           	
  1076  053B                     i1l3701:	
  1077                           ;main.c: 36: if (received == cmd_reboot[cptReboot]) {
  1078  053B  0874               	movf	(_cptReboot),w
  1079  053C  3E20               	addlw	_cmd_reboot&0ffh
  1080  053D  0086               	movwf	fsr1l
  1081  053E  0187               	clrf fsr1h	
  1082                           	
  1083  053F  0801               	movf	indf1,w
  1084  0540  067A               	xorwf	(_received),w
  1085  0541  1D03               	skipz
  1086  0542  2D44               	goto	u240_21
  1087  0543  2D45               	goto	u240_20
  1088  0544                     u240_21:
  1089  0544  2D4A               	goto	i1l1160
  1090  0545                     u240_20:
  1091                           	line	37
  1092                           	
  1093  0545                     i1l3703:	
  1094                           ;main.c: 37: cptReboot++;
  1095  0545  3001               	movlw	(01h)
  1096  0546  00F7               	movwf	(??_interruptFct+0)+0
  1097  0547  0877               	movf	(??_interruptFct+0)+0,w
  1098  0548  07F4               	addwf	(_cptReboot),f
  1099                           	line	38
  1100                           ;main.c: 38: } else {
  1101  0549  2D4C               	goto	i1l3705
  1102                           	
  1103  054A                     i1l1160:	
  1104                           	line	39
  1105                           ;main.c: 39: cptReboot = 0;
  1106  054A  01F4               	clrf	(_cptReboot)
  1107  054B  2D4C               	goto	i1l3705
  1108                           	line	40
  1109                           	
  1110  054C                     i1l1161:	
  1111                           	line	41
  1112                           	
  1113  054C                     i1l3705:	
  1114                           ;main.c: 40: }
  1115                           ;main.c: 41: if (cptReboot >= 3) {
  1116  054C  3003               	movlw	(03h)
  1117  054D  0274               	subwf	(_cptReboot),w
  1118  054E  1C03               	skipc
  1119  054F  2D51               	goto	u241_21
  1120  0550  2D52               	goto	u241_20
  1121  0551                     u241_21:
  1122  0551  2D5A               	goto	i1l1155
  1123  0552                     u241_20:
  1124                           	line	42
  1125                           	
  1126  0552                     i1l3707:	
  1127                           ;main.c: 42: rebootEnBootloader();
  1128  0552  3186  261F  3185   	fcall	_rebootEnBootloader
  1129  0555  2D5A               	goto	i1l1155
  1130                           	line	43
  1131                           	
  1132  0556                     i1l1162:	
  1133                           	line	44
  1134                           ;main.c: 43: }
  1135                           ;main.c: 44: } else {
  1136  0556  2D5A               	goto	i1l1155
  1137                           	
  1138  0557                     i1l1159:	
  1139                           	line	45
  1140                           ;main.c: 45: cptReboot = 0;
  1141  0557  01F4               	clrf	(_cptReboot)
  1142  0558  2D5A               	goto	i1l1155
  1143                           	line	46
  1144                           	
  1145  0559                     i1l1163:	
  1146  0559  2D5A               	goto	i1l1155
  1147                           	line	47
  1148                           	
  1149  055A                     i1l1156:	
  1150                           	line	48
  1151                           	
  1152  055A                     i1l1155:	
  1153                           	line	50
  1154                           ;main.c: 46: }
  1155                           ;main.c: 47: }
  1156                           ;main.c: 48: }
  1157                           ;main.c: 50: if (IOCAF4) {
  1158  055A  0027               	movlb 7	; select bank7
  1159  055B  1E13               	btfss	(7324/8)^0380h,(7324)&7
  1160  055C  2D5E               	goto	u242_21
  1161  055D  2D5F               	goto	u242_20
  1162  055E                     u242_21:
  1163  055E  2D76               	goto	i1l1164
  1164  055F                     u242_20:
  1165                           	line	51
  1166                           	
  1167  055F                     i1l3709:	
  1168                           ;main.c: 51: received = PORTA;
  1169  055F  0020               	movlb 0	; select bank0
  1170  0560  080C               	movf	(12),w	;volatile
  1171  0561  00F7               	movwf	(??_interruptFct+0)+0
  1172  0562  0877               	movf	(??_interruptFct+0)+0,w
  1173  0563  00FA               	movwf	(_received)
  1174                           	line	52
  1175                           ;main.c: 52: if (voieActive == 1) {
  1176  0564  0875               	movf	(_voieActive),w
  1177  0565  3A01               	xorlw	01h&0ffh
  1178  0566  1D03               	skipz
  1179  0567  2D69               	goto	u243_21
  1180  0568  2D6A               	goto	u243_20
  1181  0569                     u243_21:
  1182  0569  2D74               	goto	i1l1165
  1183  056A                     u243_20:
  1184                           	line	53
  1185                           	
  1186  056A                     i1l3711:	
  1187                           ;main.c: 53: if (RA4) {
  1188  056A  1E0C               	btfss	(100/8),(100)&7
  1189  056B  2D6D               	goto	u244_21
  1190  056C  2D6E               	goto	u244_20
  1191  056D                     u244_21:
  1192  056D  2D71               	goto	i1l1166
  1193  056E                     u244_20:
  1194                           	line	54
  1195                           	
  1196  056E                     i1l3713:	
  1197                           ;main.c: 54: LATA0 = 1;
  1198  056E  0022               	movlb 2	; select bank2
  1199  056F  140C               	bsf	(2144/8)^0100h,(2144)&7
  1200                           	line	55
  1201                           ;main.c: 55: } else {
  1202  0570  2D74               	goto	i1l1165
  1203                           	
  1204  0571                     i1l1166:	
  1205                           	line	56
  1206                           ;main.c: 56: LATA0 = 0;
  1207  0571  0022               	movlb 2	; select bank2
  1208  0572  100C               	bcf	(2144/8)^0100h,(2144)&7
  1209  0573  2D74               	goto	i1l1165
  1210                           	line	57
  1211                           	
  1212  0574                     i1l1167:	
  1213                           	line	58
  1214                           	
  1215  0574                     i1l1165:	
  1216                           	line	59
  1217                           ;main.c: 57: }
  1218                           ;main.c: 58: }
  1219                           ;main.c: 59: IOCAF4 = 0;
  1220  0574  0027               	movlb 7	; select bank7
  1221  0575  1213               	bcf	(7324/8)^0380h,(7324)&7
  1222                           	line	60
  1223                           	
  1224  0576                     i1l1164:	
  1225                           	line	62
  1226                           ;main.c: 60: }
  1227                           ;main.c: 62: if (IOCAF2) {
  1228  0576  1D13               	btfss	(7322/8)^0380h,(7322)&7
  1229  0577  2D79               	goto	u245_21
  1230  0578  2D7A               	goto	u245_20
  1231  0579                     u245_21:
  1232  0579  2D91               	goto	i1l1172
  1233  057A                     u245_20:
  1234                           	line	63
  1235                           	
  1236  057A                     i1l3715:	
  1237                           ;main.c: 63: received = PORTA;
  1238  057A  0020               	movlb 0	; select bank0
  1239  057B  080C               	movf	(12),w	;volatile
  1240  057C  00F7               	movwf	(??_interruptFct+0)+0
  1241  057D  0877               	movf	(??_interruptFct+0)+0,w
  1242  057E  00FA               	movwf	(_received)
  1243                           	line	64
  1244                           	
  1245  057F                     i1l3717:	
  1246                           ;main.c: 64: if (voieActive == 0) {
  1247  057F  08F5               	movf	(_voieActive),f
  1248  0580  1D03               	skipz
  1249  0581  2D83               	goto	u246_21
  1250  0582  2D84               	goto	u246_20
  1251  0583                     u246_21:
  1252  0583  2D8E               	goto	i1l1169
  1253  0584                     u246_20:
  1254                           	line	65
  1255                           	
  1256  0584                     i1l3719:	
  1257                           ;main.c: 65: if (RA2) {
  1258  0584  1D0C               	btfss	(98/8),(98)&7
  1259  0585  2D87               	goto	u247_21
  1260  0586  2D88               	goto	u247_20
  1261  0587                     u247_21:
  1262  0587  2D8B               	goto	i1l1170
  1263  0588                     u247_20:
  1264                           	line	66
  1265                           	
  1266  0588                     i1l3721:	
  1267                           ;main.c: 66: LATA0 = 1;
  1268  0588  0022               	movlb 2	; select bank2
  1269  0589  140C               	bsf	(2144/8)^0100h,(2144)&7
  1270                           	line	67
  1271                           ;main.c: 67: } else {
  1272  058A  2D8E               	goto	i1l1169
  1273                           	
  1274  058B                     i1l1170:	
  1275                           	line	68
  1276                           ;main.c: 68: LATA0 = 0;
  1277  058B  0022               	movlb 2	; select bank2
  1278  058C  100C               	bcf	(2144/8)^0100h,(2144)&7
  1279  058D  2D8E               	goto	i1l1169
  1280                           	line	69
  1281                           	
  1282  058E                     i1l1171:	
  1283                           	line	70
  1284                           	
  1285  058E                     i1l1169:	
  1286                           	line	71
  1287                           ;main.c: 69: }
  1288                           ;main.c: 70: }
  1289                           ;main.c: 71: IOCAF2 = 0;
  1290  058E  0027               	movlb 7	; select bank7
  1291  058F  1113               	bcf	(7322/8)^0380h,(7322)&7
  1292  0590  2D91               	goto	i1l1172
  1293                           	line	72
  1294                           	
  1295  0591                     i1l1168:	
  1296                           	line	75
  1297                           	
  1298  0591                     i1l1172:	
  1299  0591  0878               	movf	(??_interruptFct+1),w
  1300  0592  0020               	movlb 0	; select bank0
  1301  0593  00FF               	movwf	btemp+1
  1302  0594  0009               	retfie
  1303                           	opt stack 0
  1304                           GLOBAL	__end_of_interruptFct
  1305  0595                     	__end_of_interruptFct:
  1306 ;; =============== function _interruptFct ends ============
  1307                           
  1308                           	signat	_interruptFct,88
  1309                           	global	_rebootEnBootloader
  1310                           psect	text245,local,class=CODE,delta=2
  1311                           global __ptext245
  1312  061F                     __ptext245:
  1313                           
  1314 ;; *************** function _rebootEnBootloader *****************
  1315 ;; Defined at:
  1316 ;;		line 101 in file "C:\Users\avili_000\Dropbox\rpi yad\carte home automation\pic\appli\main.c"
  1317 ;; Parameters:    Size  Location     Type
  1318 ;;		None
  1319 ;; Auto vars:     Size  Location     Type
  1320 ;;		None
  1321 ;; Return value:  Size  Location     Type
  1322 ;;		None               void
  1323 ;; Registers used:
  1324 ;;		wreg, status,2, status,0, pclath, cstack
  1325 ;; Tracked objects:
  1326 ;;		On entry : 0/0
  1327 ;;		On exit  : 0/0
  1328 ;;		Unchanged: 0/0
  1329 ;; Data sizes:     COMMON   BANK0   BANK1
  1330 ;;      Params:         0       0       0
  1331 ;;      Locals:         0       0       0
  1332 ;;      Temps:          0       0       0
  1333 ;;      Totals:         0       0       0
  1334 ;;Total ram usage:        0 bytes
  1335 ;; Hardware stack levels used:    1
  1336 ;; Hardware stack levels required when called:    1
  1337 ;; This function calls:
  1338 ;;		i1_ecritOctetStart
  1339 ;; This function is called by:
  1340 ;;		_interruptFct
  1341 ;; This function uses a non-reentrant model
  1342 ;;
  1343                           psect	text245
  1344                           	file	"C:\Users\avili_000\Dropbox\rpi yad\carte home automation\pic\appli\main.c"
  1345                           	line	101
  1346                           	global	__size_of_rebootEnBootloader
  1347  0008                     	__size_of_rebootEnBootloader	equ	__end_of_rebootEnBootloader-_rebootEnBootloader
  1348                           	
  1349  061F                     _rebootEnBootloader:	
  1350                           	opt	stack 12
  1351                           ; Regs used in _rebootEnBootloader: [wreg+status,2+status,0+pclath+cstack]
  1352                           	line	102
  1353                           	
  1354  061F                     i1l3723:	
  1355                           ;main.c: 102: GIE = 0;
  1356  061F  138B               	bcf	(95/8),(95)&7
  1357                           	line	103
  1358                           ;main.c: 103: PEIE = 0;
  1359  0620  130B               	bcf	(94/8),(94)&7
  1360                           	line	105
  1361                           	
  1362  0621                     i1l3725:	
  1363                           ;main.c: 105: ecritOctetStart('V');
  1364  0621  3056               	movlw	(056h)
  1365  0622  3186  2609  3186   	fcall	i1_ecritOctetStart
  1366                           	line	107
  1367                           	
  1368  0625                     i1l3727:	
  1369                           # 107 "C:\Users\avili_000\Dropbox\rpi yad\carte home automation\pic\appli\main.c"
  1370  0625  2800                 goto 0 ;#
  1371                           psect	text245
  1372                           	line	109
  1373                           	
  1374  0626                     i1l1181:	
  1375  0626  0008               	return
  1376                           	opt stack 0
  1377                           GLOBAL	__end_of_rebootEnBootloader
  1378  0627                     	__end_of_rebootEnBootloader:
  1379 ;; =============== function _rebootEnBootloader ends ============
  1380                           
  1381                           	signat	_rebootEnBootloader,88
  1382                           	global	i1_ecritOctetStart
  1383                           psect	text246,local,class=CODE,delta=2
  1384                           global __ptext246
  1385  0609                     __ptext246:
  1386                           
  1387 ;; *************** function i1_ecritOctetStart *****************
  1388 ;; Defined at:
  1389 ;;		line 77 in file "C:\Users\avili_000\Dropbox\rpi yad\carte home automation\pic\appli\main.c"
  1390 ;; Parameters:    Size  Location     Type
  1391 ;;  ecritOctetSt    1    wreg     unsigned char 
  1392 ;; Auto vars:     Size  Location     Type
  1393 ;;  ecritOctetSt    1    0[COMMON] unsigned char 
  1394 ;; Return value:  Size  Location     Type
  1395 ;;		None               void
  1396 ;; Registers used:
  1397 ;;		wreg, status,2
  1398 ;; Tracked objects:
  1399 ;;		On entry : 0/0
  1400 ;;		On exit  : 0/0
  1401 ;;		Unchanged: 0/0
  1402 ;; Data sizes:     COMMON   BANK0   BANK1
  1403 ;;      Params:         0       0       0
  1404 ;;      Locals:         1       0       0
  1405 ;;      Temps:          0       0       0
  1406 ;;      Totals:         1       0       0
  1407 ;;Total ram usage:        1 bytes
  1408 ;; Hardware stack levels used:    1
  1409 ;; This function calls:
  1410 ;;		Nothing
  1411 ;; This function is called by:
  1412 ;;		_rebootEnBootloader
  1413 ;; This function uses a non-reentrant model
  1414 ;;
  1415                           psect	text246
  1416                           	file	"C:\Users\avili_000\Dropbox\rpi yad\carte home automation\pic\appli\main.c"
  1417                           	line	77
  1418                           	global	__size_ofi1_ecritOctetStart
  1419  000E                     	__size_ofi1_ecritOctetStart	equ	__end_ofi1_ecritOctetStart-i1_ecritOctetStart
  1420                           	
  1421  0609                     i1_ecritOctetStart:	
  1422                           	opt	stack 12
  1423                           ; Regs used in i1_ecritOctetStart: [wreg+status,2]
  1424                           ;i1ecritOctetStart@valeur stored from wreg
  1425  0609  00F6               	movwf	(i1ecritOctetStart@valeur)
  1426                           	line	78
  1427                           	
  1428  060A                     i1l3729:	
  1429                           ;main.c: 78: EEADRL = 0;
  1430  060A  0023               	movlb 3	; select bank3
  1431  060B  0191               	clrf	(401)^0180h	;volatile
  1432                           	line	79
  1433                           	
  1434  060C                     i1l3731:	
  1435                           ;main.c: 79: EEDATL = valeur;
  1436  060C  0876               	movf	(i1ecritOctetStart@valeur),w
  1437  060D  0093               	movwf	(403)^0180h	;volatile
  1438                           	line	81
  1439                           	
  1440  060E                     i1l3733:	
  1441                           ;main.c: 81: WREN = 1;
  1442  060E  1515               	bsf	(3242/8)^0180h,(3242)&7
  1443                           	line	83
  1444                           	
  1445  060F                     i1l3735:	
  1446                           ;main.c: 83: EECON2=0x55;
  1447  060F  3055               	movlw	(055h)
  1448  0610  0096               	movwf	(406)^0180h	;volatile
  1449                           	line	84
  1450                           	
  1451  0611                     i1l3737:	
  1452                           ;main.c: 84: EECON2=0xAA;
  1453  0611  30AA               	movlw	(0AAh)
  1454  0612  0096               	movwf	(406)^0180h	;volatile
  1455                           	line	85
  1456                           	
  1457  0613                     i1l3739:	
  1458                           ;main.c: 85: WR = 1;
  1459  0613  1495               	bsf	(3241/8)^0180h,(3241)&7
  1460                           	line	87
  1461                           	
  1462  0614                     i1l3741:	
  1463                           # 87 "C:\Users\avili_000\Dropbox\rpi yad\carte home automation\pic\appli\main.c"
  1464  0614  0000                 nop ;#
  1465                           psect	text246
  1466                           	line	88
  1467                           	
  1468  0615                     i1l3743:	
  1469                           # 88 "C:\Users\avili_000\Dropbox\rpi yad\carte home automation\pic\appli\main.c"
  1470  0615  0000                 nop ;#
  1471                           psect	text246
  1472                           	line	90
  1473                           	
  1474  0616                     i1l1175:	
  1475  0616  0008               	return
  1476                           	opt stack 0
  1477                           GLOBAL	__end_ofi1_ecritOctetStart
  1478  0617                     	__end_ofi1_ecritOctetStart:
  1479 ;; =============== function i1_ecritOctetStart ends ============
  1480                           
  1481                           	signat	i1_ecritOctetStart,88
  1482                           psect	text247,local,class=CODE,delta=2
  1483                           global __ptext247
  1484  0000                     __ptext247:
  1485                           	global	btemp
  1486  007E                     	btemp set 07Eh
  1487                           
  1488                           	DABS	1,126,2	;btemp
  1489                           	global	wtemp0
  1490  007E                     	wtemp0 set btemp


HI-TECH Software PICC Macro Assembler V9.83 build 10920 
Symbol Table                                                                                   Mon Mar 25 22:38:30 2013

            _ecritOctetStart 05FB                           _RD 0CA8                           _WR 0CA9  
                        _GIE 005F                          _RA2 0062                          _RA4 0064  
                        _RA5 0065                         l1175 0608                         l1184 05E0  
                       l1185 05E1                         l1178 061E                         l1186 05E1  
                       l1187 05E2                         l1188 05E2                         l3801 05B0  
                       l3811 05B8                         l3803 05B2                         l3821 05C4  
                       l3813 05BA                         l3805 05B3                         l3751 0601  
                       l3831 05CD                         l3823 05C5                         l3815 05C0  
                       l3807 05B4                         l3753 0603                         l3745 05FC  
                       l3761 0617                         l3841 05DB                         l3833 05CF  
                       l3825 05C6                         l3817 05C2                         l3809 05B6  
                       l3755 0605                         l3747 05FE                         l3771 061E  
                       l3763 0619                         l3835 05D1                         l3827 05C7  
                       l3819 05C3                         l3757 0606                         l3749 0600  
                       l3765 061A                         l3837 05D2                         l3829 05C8  
                       l3781 05A1                         l3773 0597                         l3759 0607  
                       l3767 061B                         l3839 05D3                         l3791 05AA  
                       l3783 05A2                         l3775 059C                         l3769 061C  
                       l3793 05AB                         l3785 05A3                         l3777 059D  
                       l3795 05AD                         l3787 05A8                         l3779 059F  
                       l3797 05AE                         l3789 05A9                         l3799 05AF  
                       _CFGS 0CAE                         _BRGH 0CF2                         _CREN 0CEC  
                       _FERR 0CEA                         u2480 05DB                         u2481 05DA  
                       _PEIE 005E                         _RCIE 048D                         _RCIF 008D  
                       _OERR 0CE9                         _SPEN 0CEF                         _WREN 0CAA  
                       _TXEN 0CF5                         _WPUA 020C                         _main 0597  
                main@reponse 0027                         fsr0h 0005                         fsr1h 0007  
                       fsr0l 0004                         indf1 0001                         fsr1l 0006  
                       btemp 007E                         start 0595                        ?_main 0076  
                      _EEADR 0191                        _BRG16 0CFB                        _CARRY 0018  
                      _EEPGD 0CAF                        _LATA0 0860                        _LATA5 0865  
                      _IOCAF 0393                        _IOCAN 0392                        _IOCAP 0391  
                      _IOCIE 005B                        _RCREG 0199                        _PORTA 000C  
                      _TRISA 008C                        _SSPEN 10AD                        status 0003  
                      wtemp0 007E      __end_of_ecritOctetStart 0609                 __end_of_main 05E3  
     __size_of_litOctetStart 0008                       ??_main 0026                       _EEADRL 0191  
                     _EEDATA 0193                       _EEDATL 0193                       _EECON1 0195  
                     _EECON2 0196                       _IOCAF2 1C9A                       _T1GSEL 08EB  
                     _IOCAF4 1C9C                       i1l1160 054A                       i1l1161 054C  
                     i1l1170 058B                       i1l1162 0556                       i1l1171 058E  
                     i1l1163 0559                       i1l1155 055A                       i1l1172 0591  
                     i1l1164 0576                       i1l1156 055A                       i1l1181 0626  
                     i1l1165 0574                       i1l1157 052B                       i1l1166 0571  
                     i1l1158 0535                       i1l1175 0616                       i1l1167 0574  
                     i1l1159 0557                       i1l1168 0591                       i1l1169 058E  
                     i1l3701 053B                       i1l3711 056A                       i1l3703 0545  
                     i1l3721 0588                       i1l3713 056E                       i1l3705 054C  
                     i1l3731 060C                       i1l3723 061F                       i1l3715 057A  
                     i1l3707 0552                       i1l3741 0614                       i1l3733 060E  
                     i1l3725 0621                       i1l3717 057F                       i1l3709 055F  
                     i1l3743 0615                       i1l3735 060F                       i1l3727 0625  
                     i1l3719 0584                       i1l3737 0611                       i1l3729 060A  
                     i1l3739 0613                       i1l3691 0523                       i1l3683 0508  
                     i1l3693 0529                       i1l3685 0515                       i1l3695 052B  
                     i1l3687 051A                       i1l3697 0531                       i1l3689 051E  
                     i1l3699 0535                       u240_20 0545                       u232_20 050E  
                     u240_21 0544                       u232_21 050B                       u241_20 0552  
                     u241_21 0551                       u233_24 0510                       u242_20 055F  
                     u234_20 0515                       u242_21 055E                       u234_21 0514  
                     u243_20 056A                       u235_20 051A                       u243_21 0569  
                     u235_21 0519                       u244_20 056E                       u236_20 051E  
                     u244_21 056D                       u236_21 051D                       u245_20 057A  
                     u237_20 0529                       u245_21 0579                       u237_21 0528  
                     u246_20 0584                       u238_20 0531                       u246_21 0583  
                     u238_21 0530                       u247_20 0588                       u239_20 053B  
                     u247_21 0587                       u239_21 053A                       _SDOSEL 08EE  
                     _SPBRGH 019C                       _SPBRGL 019B                       _TRISA0 0460  
                     _TRISA5 0465  __size_of_rebootEnBootloader 0008                _litOctetStart 0617  
           ?_ecritOctetStart 0076               __pcstackCOMMON 0076                ?_interruptFct 0076  
               __pidataBANK0 0627               ?_litOctetStart 0076                   __pnvCOMMON 007A  
             ??_interruptFct 0077                   __pmaintext 0597                   _cmd_reboot 0020  
                 __pintentry 0504                      _RXDTSEL 08EF                      _TXCKSEL 08EA  
    i1ecritOctetStart@valeur 0076              ??_litOctetStart 0079         end_of_initialization 05F9  
                 _voieActive 0075         __end_of_interruptFct 0595        ecritOctetStart@valeur 0079  
 __end_of_rebootEnBootloader 0627          start_initialization 05E3            i1_ecritOctetStart 0609  
         ?i1_ecritOctetStart 0076                  __pdataBANK0 0020     __size_of_ecritOctetStart 000E  
        ??i1_ecritOctetStart 0076                  __pbssCOMMON 0070                __pcstackBANK0 0026  
  __end_ofi1_ecritOctetStart 0617                    __ptext242 0617                    __ptext243 05FB  
                  __ptext245 061F                    __ptext246 0609                    __ptext247 0000  
                  _cptReboot 0074        __size_of_interruptFct 0091                 _interruptFct 0504  
          ??_ecritOctetStart 0079        __end_of_litOctetStart 061F   __size_ofi1_ecritOctetStart 000E  
         _rebootEnBootloader 061F                     _compteur 0070          ?_rebootEnBootloader 0076  
              __size_of_main 004C                     _received 007A         ??_rebootEnBootloader 0077  
                   intlevel1 0000                   _OPTION_REG 0095  
